<?xml version="1.0" encoding="UTF-8"?>
<testsuite name="Test-Resources"
           tests="3"
           failures="1"
           errors="0"
           skipped="2"
           time="0.000">
  <properties />
            <testcase name="setUp" time="0.000" classname="roomManager.test.admin.CreateResource">
                <failure type="java.lang.NullPointerException"
                  message="(null)"
              >
<![CDATA[java.lang.NullPointerException
  java.util.Hashtable.put(Unknown Source)
  java.util.Properties.setProperty(Unknown Source)
  java.lang.System.setProperty(Unknown Source)
  roomManager.util.WebDriverConfig.chromeDriver(WebDriverConfig.java:32)
  roomManager.test.admin.CreateResource.setUp(CreateResource.java:81)
  sun.reflect.NativeMethodAccessorImpl.invoke0(Native Method)
  sun.reflect.NativeMethodAccessorImpl.invoke(Unknown Source)
  sun.reflect.DelegatingMethodAccessorImpl.invoke(Unknown Source)
  java.lang.reflect.Method.invoke(Unknown Source)
  org.testng.internal.MethodInvocationHelper.invokeMethod(MethodInvocationHelper.java:85)
  org.testng.internal.Invoker.invokeConfigurationMethod(Invoker.java:515)
  org.testng.internal.Invoker.invokeConfigurations(Invoker.java:213)
  org.testng.internal.Invoker.invokeConfigurations(Invoker.java:140)
  org.testng.TestRunner.beforeRun(TestRunner.java:645)
  org.testng.TestRunner.run(TestRunner.java:613)
  org.testng.SuiteRunner.runTest(SuiteRunner.java:357)
  org.testng.SuiteRunner.runSequentially(SuiteRunner.java:352)
  org.testng.SuiteRunner.privateRun(SuiteRunner.java:310)
  org.testng.SuiteRunner.run(SuiteRunner.java:259)
  org.testng.SuiteRunnerWorker.runSuite(SuiteRunnerWorker.java:52)
  org.testng.SuiteRunnerWorker.run(SuiteRunnerWorker.java:86)
  org.testng.TestNG.runSuitesSequentially(TestNG.java:1176)
  org.testng.TestNG.runSuitesLocally(TestNG.java:1101)
  org.testng.TestNG.run(TestNG.java:1009)
  org.testng.remote.RemoteTestNG.run(RemoteTestNG.java:111)
  org.testng.remote.RemoteTestNG.initAndRun(RemoteTestNG.java:204)
  org.testng.remote.RemoteTestNG.main(RemoteTestNG.java:175)
]]>
      </failure>

          </testcase>
  
            <testcase name="testTearDown" time="0.0" classname="roomManager.test.admin.CreateResource">
          <skipped />
    </testcase>
            <testcase name="verifyAResourceIsCreated" time="0.0" classname="roomManager.test.admin.CreateResource">
          <skipped />
    </testcase>
  
  
</testsuite>
