<?xml version="1.0" encoding="UTF-8"?>
<testng-results skipped="0" failed="0" total="1" passed="1">
  <reporter-output>
  </reporter-output>
  <suite name="Test Suite" duration-ms="20665" started-at="2015-06-15T18:12:04Z" finished-at="2015-06-15T18:12:25Z">
    <groups>
    </groups>
    <test name="Test-Resources" duration-ms="20665" started-at="2015-06-15T18:12:04Z" finished-at="2015-06-15T18:12:25Z">
      <class name="roomManager.test.admin.CreateResource">
        <test-method status="PASS" signature="setUp()[pri:0, instance:roomManager.test.admin.CreateResource@62deaa2e]" name="setUp" is-config="true" duration-ms="7828" started-at="2015-06-15T14:12:04Z" finished-at="2015-06-15T14:12:12Z">
          <reporter-output>
          </reporter-output>
        </test-method> <!-- setUp -->
        <test-method status="PASS" signature="test01CreateResource()[pri:0, instance:roomManager.test.admin.CreateResource@62deaa2e]" name="test01CreateResource" duration-ms="12399" started-at="2015-06-15T14:12:12Z" finished-at="2015-06-15T14:12:25Z">
          <reporter-output>
          </reporter-output>
        </test-method> <!-- test01CreateResource -->
        <test-method status="PASS" signature="tearDown()[pri:0, instance:roomManager.test.admin.CreateResource@62deaa2e]" name="tearDown" is-config="true" duration-ms="401" started-at="2015-06-15T14:12:25Z" finished-at="2015-06-15T14:12:25Z">
          <reporter-output>
          </reporter-output>
        </test-method> <!-- tearDown -->
      </class> <!-- roomManager.test.admin.CreateResource -->
    </test> <!-- Test-Resources -->
  </suite> <!-- Test Suite -->
</testng-results>
